[debug] [2022-01-29T01:46:37.530Z] ----------------------------------------------------------------------
[debug] [2022-01-29T01:46:37.532Z] Command:       C:\Program Files\nodejs\node.exe C:\Users\bates\AppData\Roaming\npm\node_modules\firebase-tools\lib\bin\firebase.js init
[debug] [2022-01-29T01:46:37.532Z] CLI Version:   9.20.0
[debug] [2022-01-29T01:46:37.532Z] Platform:      win32
[debug] [2022-01-29T01:46:37.532Z] Node Version:  v14.18.1
[debug] [2022-01-29T01:46:37.539Z] Time:          Fri Jan 28 2022 20:46:37 GMT-0500 (Eastern Standard Time)
[debug] [2022-01-29T01:46:37.539Z] ----------------------------------------------------------------------
[debug] 
[debug] [2022-01-29T01:46:37.542Z] >>> [apiv2][query] GET https://firebase-public.firebaseio.com/cli.json [none]
[debug] [2022-01-29T01:46:37.565Z] > command requires scopes: ["email","openid","https://www.googleapis.com/auth/cloudplatformprojects.readonly","https://www.googleapis.com/auth/firebase","https://www.googleapis.com/auth/cloud-platform"]
[debug] [2022-01-29T01:46:37.565Z] > authorizing via signed-in user (batestaaa13@gmail.com)
[info] 
     ######## #### ########  ######## ########     ###     ######  ########
     ##        ##  ##     ## ##       ##     ##  ##   ##  ##       ##
     ######    ##  ########  ######   ########  #########  ######  ######
     ##        ##  ##    ##  ##       ##     ## ##     ##       ## ##
     ##       #### ##     ## ######## ########  ##     ##  ######  ########

You're about to initialize a Firebase project in this directory:

  C:\Users\bates\Desktop\Cakes

[debug] [2022-01-29T01:46:37.924Z] <<< [apiv2][status] GET https://firebase-public.firebaseio.com/cli.json 200
[debug] [2022-01-29T01:46:37.924Z] <<< [apiv2][body] GET https://firebase-public.firebaseio.com/cli.json {"cloudBuildErrorAfter":1594252800000,"cloudBuildWarnAfter":1590019200000,"defaultNode10After":1594252800000,"minVersion":"3.0.5","node8DeploysDisabledAfter":1613390400000,"node8RuntimeDisabledAfter":1615809600000,"node8WarnAfter":1600128000000}
